<?xml version="1.0" encoding="utf-8"?><testsuites><testsuite name="pytest" errors="0" failures="0" skipped="0" tests="3" time="1.343" timestamp="2024-04-14T17:02:12.408243" hostname="c4d4a185ad08"><testcase classname="test.test_prediction" name="test_single_pred_not_none" time="0.039" /><testcase classname="test.test_prediction" name="test_single_pred_str_type" time="0.073" /><testcase classname="test.test_prediction" name="test_single_pred_validate" time="0.061" /></testsuite></testsuites>